TN:
SF:app.js
FN:67,(anonymous_0)
FN:73,(anonymous_1)
FN:74,(anonymous_2)
FN:82,(anonymous_3)
FN:86,(anonymous_4)
FN:87,(anonymous_5)
FN:91,(anonymous_6)
FN:92,(anonymous_7)
FN:120,(anonymous_8)
FN:131,(anonymous_9)
FNF:10
FNH:6
FNDA:1,(anonymous_0)
FNDA:1,(anonymous_1)
FNDA:0,(anonymous_2)
FNDA:1,(anonymous_3)
FNDA:0,(anonymous_4)
FNDA:0,(anonymous_5)
FNDA:1,(anonymous_6)
FNDA:1,(anonymous_7)
FNDA:1,(anonymous_8)
FNDA:0,(anonymous_9)
DA:1,2
DA:2,2
DA:3,2
DA:4,2
DA:5,2
DA:6,2
DA:7,2
DA:8,2
DA:9,2
DA:10,2
DA:11,2
DA:13,2
DA:17,2
DA:20,2
DA:21,2
DA:24,2
DA:34,2
DA:35,2
DA:36,2
DA:38,2
DA:39,2
DA:45,2
DA:48,2
DA:49,2
DA:52,2
DA:64,2
DA:67,2
DA:68,1
DA:70,1
DA:71,1
DA:73,1
DA:74,0
DA:79,2
DA:80,2
DA:82,2
DA:83,1
DA:86,2
DA:87,0
DA:91,2
DA:92,1
DA:93,1
DA:96,1
DA:97,1
DA:98,1
DA:101,1
DA:102,1
DA:105,0
DA:108,0
DA:110,0
DA:113,0
DA:118,2
DA:120,2
DA:121,1
DA:122,1
DA:126,2
DA:129,2
DA:130,0
DA:131,0
DA:132,0
DA:134,0
DA:136,2
LF:61
LH:51
BRDA:57,0,0,2
BRDA:57,0,1,2
BRDA:68,1,0,0
BRDA:68,1,1,1
BRDA:70,2,0,1
BRDA:70,2,1,1
BRDA:93,3,0,0
BRDA:93,3,1,1
BRDA:96,4,0,1
BRDA:96,4,1,0
BRDA:102,5,0,0
BRDA:102,5,1,0
BRDA:102,5,2,0
BRDA:129,6,0,0
BRDA:129,6,1,2
BRDA:130,7,0,0
BRDA:130,7,1,0
BRF:17
BRH:8
end_of_record
TN:
SF:config\keys.js
FN:43,(anonymous_0)
FNF:1
FNH:0
FNDA:0,(anonymous_0)
DA:2,2
DA:4,2
DA:15,2
DA:23,2
DA:33,2
DA:43,2
DA:44,0
DA:45,0
DA:48,2
DA:50,2
DA:52,2
DA:54,2
LF:12
LH:10
BRF:0
BRH:0
end_of_record
TN:
SF:mailer\nodemailer.js
FN:6,(anonymous_0)
FN:10,(anonymous_1)
FNF:2
FNH:0
FNDA:0,(anonymous_0)
FNDA:0,(anonymous_1)
DA:1,2
DA:2,2
DA:4,2
DA:6,2
DA:8,0
DA:10,0
DA:11,0
DA:15,2
LF:8
LH:5
BRF:0
BRH:0
end_of_record
TN:
SF:models\comment.js
FN:15,(anonymous_0)
FNF:1
FNH:0
FNDA:0,(anonymous_0)
DA:1,2
DA:2,2
DA:4,2
DA:7,2
DA:15,2
DA:16,0
DA:21,2
DA:24,2
LF:8
LH:7
BRF:0
BRH:0
end_of_record
TN:
SF:models\post.js
FN:18,(anonymous_0)
FN:22,(anonymous_1)
FNF:2
FNH:0
FNDA:0,(anonymous_0)
FNDA:0,(anonymous_1)
DA:1,2
DA:2,2
DA:4,2
DA:5,2
DA:7,2
DA:10,2
DA:18,2
DA:19,0
DA:22,2
DA:23,0
DA:28,2
DA:31,2
LF:12
LH:10
BRF:0
BRH:0
end_of_record
TN:
SF:models\user.js
FN:56,(anonymous_0)
FN:57,(anonymous_1)
FN:63,(anonymous_2)
FN:83,(anonymous_3)
FN:84,(anonymous_4)
FN:95,(anonymous_5)
FN:102,(anonymous_6)
FN:114,(anonymous_7)
FN:121,(anonymous_8)
FN:132,(anonymous_9)
FN:136,(anonymous_10)
FN:140,(anonymous_11)
FN:144,(anonymous_12)
FNF:13
FNH:6
FNDA:1,(anonymous_0)
FNDA:1,(anonymous_1)
FNDA:0,(anonymous_2)
FNDA:1,(anonymous_3)
FNDA:1,(anonymous_4)
FNDA:0,(anonymous_5)
FNDA:1,(anonymous_6)
FNDA:0,(anonymous_7)
FNDA:0,(anonymous_8)
FNDA:0,(anonymous_9)
FNDA:0,(anonymous_10)
FNDA:0,(anonymous_11)
FNDA:1,(anonymous_12)
DA:4,2
DA:5,2
DA:6,2
DA:13,2
DA:14,2
DA:15,2
DA:21,2
DA:44,2
DA:47,2
DA:56,2
DA:57,1
DA:58,1
DA:59,1
DA:63,2
DA:65,0
DA:66,0
DA:72,0
DA:74,0
DA:75,0
DA:77,0
DA:83,2
DA:84,1
DA:85,1
DA:88,1
DA:89,0
DA:93,1
DA:95,0
DA:96,0
DA:97,0
DA:102,1
DA:103,1
DA:106,1
DA:108,1
DA:110,0
DA:114,0
DA:115,0
DA:116,0
DA:121,0
DA:122,0
DA:123,0
DA:132,2
DA:133,0
DA:136,2
DA:137,0
DA:140,2
DA:141,0
DA:144,2
DA:146,1
DA:152,2
DA:155,2
LF:50
LH:30
BRDA:58,0,0,0
BRDA:58,0,1,1
BRDA:65,1,0,0
BRDA:65,1,1,0
BRDA:65,2,0,0
BRDA:65,2,1,0
BRDA:74,3,0,0
BRDA:74,3,1,0
BRDA:74,4,0,0
BRDA:74,4,1,0
BRDA:85,5,0,0
BRDA:85,5,1,1
BRDA:88,6,0,0
BRDA:88,6,1,1
BRDA:93,7,0,0
BRDA:93,7,1,1
BRDA:96,8,0,0
BRDA:96,8,1,0
BRDA:103,9,0,0
BRDA:103,9,1,1
BRDA:106,10,0,1
BRDA:106,10,1,0
BRDA:108,11,0,1
BRDA:108,11,1,0
BRDA:108,12,0,1
BRDA:108,12,1,1
BRDA:115,13,0,0
BRDA:115,13,1,0
BRDA:122,14,0,0
BRDA:122,14,1,0
BRDA:146,15,0,1
BRDA:146,15,1,0
BRF:32
BRH:10
end_of_record
TN:
SF:routes\router.js
FN:16,(anonymous_0)
FN:26,(anonymous_1)
FN:32,authenticate
FN:34,(anonymous_3)
FN:35,(anonymous_4)
FN:44,(anonymous_5)
FN:58,(anonymous_6)
FN:59,(anonymous_7)
FN:67,(anonymous_8)
FN:72,(anonymous_9)
FN:74,(anonymous_10)
FN:75,(anonymous_11)
FN:80,(anonymous_12)
FN:81,(anonymous_13)
FN:90,(anonymous_14)
FN:95,(anonymous_15)
FN:102,(anonymous_16)
FN:113,(anonymous_17)
FN:123,(anonymous_18)
FN:124,(anonymous_19)
FN:137,(anonymous_20)
FN:139,(anonymous_21)
FN:140,(anonymous_22)
FN:150,(anonymous_23)
FN:155,(anonymous_24)
FN:162,(anonymous_25)
FN:172,(anonymous_26)
FN:179,(anonymous_27)
FN:184,(anonymous_28)
FN:186,(anonymous_29)
FN:192,(anonymous_30)
FN:199,(anonymous_31)
FN:207,(anonymous_32)
FN:217,(anonymous_33)
FN:222,(anonymous_34)
FN:236,(anonymous_35)
FN:249,(anonymous_36)
FN:250,(anonymous_37)
FN:260,(anonymous_38)
FN:270,(anonymous_39)
FN:275,(anonymous_40)
FN:277,(anonymous_41)
FN:281,(anonymous_42)
FN:291,(anonymous_43)
FN:292,(anonymous_44)
FN:304,(anonymous_45)
FN:307,(anonymous_46)
FN:310,(anonymous_47)
FN:320,(anonymous_48)
FN:323,(anonymous_49)
FN:328,(anonymous_50)
FN:331,(anonymous_51)
FN:337,(anonymous_52)
FNF:53
FNH:1
FNDA:0,(anonymous_0)
FNDA:0,(anonymous_1)
FNDA:2,authenticate
FNDA:0,(anonymous_3)
FNDA:0,(anonymous_4)
FNDA:0,(anonymous_5)
FNDA:0,(anonymous_6)
FNDA:0,(anonymous_7)
FNDA:0,(anonymous_8)
FNDA:0,(anonymous_9)
FNDA:0,(anonymous_10)
FNDA:0,(anonymous_11)
FNDA:0,(anonymous_12)
FNDA:0,(anonymous_13)
FNDA:0,(anonymous_14)
FNDA:0,(anonymous_15)
FNDA:0,(anonymous_16)
FNDA:0,(anonymous_17)
FNDA:0,(anonymous_18)
FNDA:0,(anonymous_19)
FNDA:0,(anonymous_20)
FNDA:0,(anonymous_21)
FNDA:0,(anonymous_22)
FNDA:0,(anonymous_23)
FNDA:0,(anonymous_24)
FNDA:0,(anonymous_25)
FNDA:0,(anonymous_26)
FNDA:0,(anonymous_27)
FNDA:0,(anonymous_28)
FNDA:0,(anonymous_29)
FNDA:0,(anonymous_30)
FNDA:0,(anonymous_31)
FNDA:0,(anonymous_32)
FNDA:0,(anonymous_33)
FNDA:0,(anonymous_34)
FNDA:0,(anonymous_35)
FNDA:0,(anonymous_36)
FNDA:0,(anonymous_37)
FNDA:0,(anonymous_38)
FNDA:0,(anonymous_39)
FNDA:0,(anonymous_40)
FNDA:0,(anonymous_41)
FNDA:0,(anonymous_42)
FNDA:0,(anonymous_43)
FNDA:0,(anonymous_44)
FNDA:0,(anonymous_45)
FNDA:0,(anonymous_46)
FNDA:0,(anonymous_47)
FNDA:0,(anonymous_48)
FNDA:0,(anonymous_49)
FNDA:0,(anonymous_50)
FNDA:0,(anonymous_51)
FNDA:0,(anonymous_52)
DA:2,2
DA:3,2
DA:4,2
DA:5,2
DA:6,2
DA:8,2
DA:9,2
DA:10,2
DA:12,2
DA:13,2
DA:16,2
DA:17,0
DA:20,0
DA:21,0
DA:22,0
DA:26,2
DA:27,0
DA:28,0
DA:34,2
DA:35,0
DA:36,0
DA:38,0
DA:44,2
DA:45,0
DA:49,2
DA:58,2
DA:59,0
DA:60,0
DA:61,0
DA:62,0
DA:67,2
DA:68,0
DA:72,2
DA:73,0
DA:75,0
DA:76,0
DA:77,0
DA:81,0
DA:82,0
DA:83,0
DA:84,0
DA:87,0
DA:88,0
DA:90,0
DA:91,0
DA:96,0
DA:97,0
DA:98,0
DA:100,0
DA:101,0
DA:102,0
DA:103,0
DA:104,0
DA:105,0
DA:109,0
DA:114,0
DA:115,0
DA:117,0
DA:118,0
DA:123,2
DA:124,0
DA:125,0
DA:126,0
DA:127,0
DA:129,0
DA:137,2
DA:138,0
DA:140,0
DA:141,0
DA:142,0
DA:143,0
DA:146,0
DA:147,0
DA:148,0
DA:150,0
DA:151,0
DA:156,0
DA:157,0
DA:158,0
DA:160,0
DA:161,0
DA:162,0
DA:163,0
DA:164,0
DA:168,0
DA:173,0
DA:174,0
DA:179,2
DA:180,0
DA:184,2
DA:185,0
DA:187,0
DA:189,0
DA:191,0
DA:192,0
DA:193,0
DA:197,0
DA:199,0
DA:200,0
DA:202,0
DA:203,0
DA:208,0
DA:209,0
DA:210,0
DA:211,0
DA:212,0
DA:217,2
DA:218,0
DA:222,2
DA:223,0
DA:234,0
DA:237,0
DA:238,0
DA:239,0
DA:241,0
DA:242,0
DA:243,0
DA:246,0
DA:248,0
DA:250,0
DA:251,0
DA:253,0
DA:254,0
DA:261,0
DA:262,0
DA:263,0
DA:264,0
DA:265,0
DA:270,2
DA:271,0
DA:275,2
DA:276,0
DA:278,0
DA:279,0
DA:282,0
DA:283,0
DA:284,0
DA:285,0
DA:286,0
DA:291,2
DA:292,0
DA:293,0
DA:294,0
DA:295,0
DA:298,0
DA:304,2
DA:305,0
DA:308,0
DA:311,0
DA:312,0
DA:313,0
DA:314,0
DA:315,0
DA:320,2
DA:321,0
DA:324,0
DA:329,0
DA:330,0
DA:332,0
DA:333,0
DA:338,0
DA:339,0
DA:340,0
DA:341,0
DA:342,0
DA:351,2
DA:354,2
LF:167
LH:31
BRDA:17,0,0,0
BRDA:17,0,1,0
BRDA:27,1,0,0
BRDA:27,1,1,0
BRDA:36,2,0,0
BRDA:36,2,1,0
BRDA:60,3,0,0
BRDA:60,3,1,0
BRDA:82,4,0,0
BRDA:82,4,1,0
BRDA:100,5,0,0
BRDA:100,5,1,0
BRDA:100,6,0,0
BRDA:100,6,1,0
BRDA:103,7,0,0
BRDA:103,7,1,0
BRDA:114,8,0,0
BRDA:114,8,1,0
BRDA:125,9,0,0
BRDA:125,9,1,0
BRDA:141,10,0,0
BRDA:141,10,1,0
BRDA:160,11,0,0
BRDA:160,11,1,0
BRDA:160,12,0,0
BRDA:160,12,1,0
BRDA:173,13,0,0
BRDA:173,13,1,0
BRDA:191,14,0,0
BRDA:191,14,1,0
BRDA:191,15,0,0
BRDA:191,15,1,0
BRDA:193,16,0,0
BRDA:193,16,1,0
BRDA:200,17,0,0
BRDA:200,17,1,0
BRDA:209,18,0,0
BRDA:209,18,1,0
BRDA:237,19,0,0
BRDA:237,19,1,0
BRDA:241,20,0,0
BRDA:241,20,1,0
BRDA:241,21,0,0
BRDA:241,21,1,0
BRDA:251,22,0,0
BRDA:251,22,1,0
BRDA:262,23,0,0
BRDA:262,23,1,0
BRDA:283,24,0,0
BRDA:283,24,1,0
BRDA:293,25,0,0
BRDA:293,25,1,0
BRDA:312,26,0,0
BRDA:312,26,1,0
BRDA:339,27,0,0
BRDA:339,27,1,0
BRF:56
BRH:0
end_of_record
